<?xml version="1.0" encoding="UTF-8"?>
<!-- Generated by org.testng.reporters.JUnitXMLReporter -->
<testsuite ignored="4" hostname="LAPTOP-LFU0PBV8" failures="0" tests="1" name="Default test" time="7.527" errors="0" timestamp="2022-06-21T15:28:25 EDT">
  <testcase classname="com.salesforce.tests.AutomationScript" name="loginToSalesforceClearPassword" time="1.432"/>
  <testcase classname="com.salesforce.tests.AutomationScript" name="loginToSalesforce" time="0.0">
    <ignored/>
  </testcase> <!-- loginToSalesforce -->
  <testcase classname="com.salesforce.tests.AutomationScript" name="loginToSalesforceForgetPassword" time="0.0">
    <ignored/>
  </testcase> <!-- loginToSalesforceForgetPassword -->
  <testcase classname="com.salesforce.tests.AutomationScript" name="loginToSalesforceRememberCheck" time="0.0">
    <ignored/>
  </testcase> <!-- loginToSalesforceRememberCheck -->
  <testcase classname="com.salesforce.tests.AutomationScript" name="loginToSalesforceWrongData" time="0.0">
    <ignored/>
  </testcase> <!-- loginToSalesforceWrongData -->
</testsuite> <!-- Default test -->
