<?xml version="1.0" encoding="UTF-8"?>
<testng-results ignored="4" total="5" passed="1" failed="0" skipped="0">
  <reporter-output>
  </reporter-output>
  <suite started-at="2022-06-21T15:28:17 EDT" name="Default suite" finished-at="2022-06-21T15:28:25 EDT" duration-ms="7527">
    <groups>
    </groups>
    <test started-at="2022-06-21T15:28:17 EDT" name="Default test" finished-at="2022-06-21T15:28:25 EDT" duration-ms="7527">
      <class name="com.salesforce.tests.AutomationScript">
        <test-method is-config="true" signature="initialTestSetup()[pri:0, instance:com.salesforce.tests.AutomationScript@74e52303]" started-at="2022-06-21T15:28:17 EDT" name="initialTestSetup" finished-at="2022-06-21T15:28:17 EDT" duration-ms="6" status="PASS">
          <reporter-output>
          </reporter-output>
        </test-method> <!-- initialTestSetup -->
        <test-method is-config="true" signature="setUp(java.lang.reflect.Method)[pri:0, instance:com.salesforce.tests.AutomationScript@74e52303]" started-at="2022-06-21T15:28:17 EDT" name="setUp" finished-at="2022-06-21T15:28:23 EDT" duration-ms="5886" status="PASS">
          <params>
            <param index="0">
              <value>
                <![CDATA[public static void com.salesforce.tests.AutomationScript.loginToSalesforceClearPassword()]]>
              </value>
            </param>
          </params>
          <reporter-output>
          </reporter-output>
        </test-method> <!-- setUp -->
        <test-method signature="loginToSalesforceClearPassword()[pri:0, instance:com.salesforce.tests.AutomationScript@74e52303]" started-at="2022-06-21T15:28:23 EDT" name="loginToSalesforceClearPassword" finished-at="2022-06-21T15:28:24 EDT" duration-ms="1432" status="PASS">
          <reporter-output>
          </reporter-output>
        </test-method> <!-- loginToSalesforceClearPassword -->
        <test-method is-config="true" signature="tearDown()[pri:0, instance:com.salesforce.tests.AutomationScript@74e52303]" started-at="2022-06-21T15:28:24 EDT" name="tearDown" finished-at="2022-06-21T15:28:25 EDT" duration-ms="174" status="PASS">
          <reporter-output>
          </reporter-output>
        </test-method> <!-- tearDown -->
      </class> <!-- com.salesforce.tests.AutomationScript -->
    </test> <!-- Default test -->
  </suite> <!-- Default suite -->
</testng-results>
